# hmmsearch :: search profile(s) against a sequence database
# HMMER 3.1b2 (February 2015); http://hmmer.org/
# Copyright (C) 2015 Howard Hughes Medical Institute.
# Freely distributed under the GNU General Public License (GPLv3).
# - - - - - - - - - - - - - - - - - - - - - - - - - - - - - - - - - - - -
# query HMM file:                  /Users/Grimey/bin/Peragenome/peragenome/test/m_dir/AMO.hmm
# target sequence database:        /Users/Grimey/bin/Peragenome/peragenome/test/f_dir/3300001453.assembled.faa
# - - - - - - - - - - - - - - - - - - - - - - - - - - - - - - - - - - - -

Query:       AMO  [M=238]
Accession:   PF02461.13
Description: Ammonia monooxygenase
Scores for complete sequences (score includes all domains):
   --- full sequence ---   --- best 1 domain ---    -#dom-
    E-value  score  bias    E-value  score  bias    exp  N  Sequence Description
    ------- ------ -----    ------- ------ -----   ---- --  -------- -----------

   [No hits detected that satisfy reporting thresholds]


Domain annotation for each sequence (and alignments):

   [No targets detected that satisfy reporting thresholds]


Internal pipeline statistics summary:
-------------------------------------
Query model(s):                              1  (238 nodes)
Target sequences:                       140918  (17251995 residues searched)
Passed MSV filter:                      4610  (0.0327141); expected 2818.4 (0.02)
Passed bias filter:                     2276  (0.0161512); expected 2818.4 (0.02)
Passed Vit filter:                       136  (0.0009651); expected 140.9 (0.001)
Passed Fwd filter:                         0  (0); expected 1.4 (1e-05)
Initial search space (Z):             140918  [actual number of targets]
Domain search space  (domZ):               0  [number of targets reported over threshold]
# CPU time: 0.57u 0.02s 00:00:00.59 Elapsed: 00:00:00.21
# Mc/sec: 19552.26
//
[ok]
