# hmmsearch :: search profile(s) against a sequence database
# HMMER 3.1b2 (February 2015); http://hmmer.org/
# Copyright (C) 2015 Howard Hughes Medical Institute.
# Freely distributed under the GNU General Public License (GPLv3).
# - - - - - - - - - - - - - - - - - - - - - - - - - - - - - - - - - - - -
# query HMM file:                  /Users/Grimey/bin/Peragenome/peragenome/test/m_dir/MeMO_Hyd_G.hmm
# target sequence database:        /Users/Grimey/bin/Peragenome/peragenome/test/f_dir/3300003783.assembled.faa
# - - - - - - - - - - - - - - - - - - - - - - - - - - - - - - - - - - - -

Query:       MeMO_Hyd_G  [M=161]
Accession:   PF02964.13
Description: Methane monooxygenase, hydrolase gamma chain
Scores for complete sequences (score includes all domains):
   --- full sequence ---   --- best 1 domain ---    -#dom-
    E-value  score  bias    E-value  score  bias    exp  N  Sequence Description
    ------- ------ -----    ------- ------ -----   ---- --  -------- -----------

   [No hits detected that satisfy reporting thresholds]


Domain annotation for each sequence (and alignments):

   [No targets detected that satisfy reporting thresholds]


Internal pipeline statistics summary:
-------------------------------------
Query model(s):                              1  (161 nodes)
Target sequences:                        97581  (12224104 residues searched)
Passed MSV filter:                      1991  (0.0204036); expected 1951.6 (0.02)
Passed bias filter:                     1535  (0.0157305); expected 1951.6 (0.02)
Passed Vit filter:                        96  (0.000983798); expected 97.6 (0.001)
Passed Fwd filter:                         0  (0); expected 1.0 (1e-05)
Initial search space (Z):              97581  [actual number of targets]
Domain search space  (domZ):               0  [number of targets reported over threshold]
# CPU time: 0.31u 0.01s 00:00:00.32 Elapsed: 00:00:00.13
# Mc/sec: 15139.08
//
[ok]
