# hmmsearch :: search profile(s) against a sequence database
# HMMER 3.1b2 (February 2015); http://hmmer.org/
# Copyright (C) 2015 Howard Hughes Medical Institute.
# Freely distributed under the GNU General Public License (GPLv3).
# - - - - - - - - - - - - - - - - - - - - - - - - - - - - - - - - - - - -
# query HMM file:                  /Users/Grimey/bin/Peragenome/peragenome/test/m_dir/MeMO_Hyd_G.hmm
# target sequence database:        /Users/Grimey/bin/Peragenome/peragenome/test/f_dir/3300001453.assembled.faa
# - - - - - - - - - - - - - - - - - - - - - - - - - - - - - - - - - - - -

Query:       MeMO_Hyd_G  [M=161]
Accession:   PF02964.13
Description: Methane monooxygenase, hydrolase gamma chain
Scores for complete sequences (score includes all domains):
   --- full sequence ---   --- best 1 domain ---    -#dom-
    E-value  score  bias    E-value  score  bias    exp  N  Sequence                Description
    ------- ------ -----    ------- ------ -----   ---- --  --------                -----------
  ------ inclusion threshold ------
       0.22   14.5   0.1       0.23   14.3   0.1    1.1  1  JGI20197J15136_10004876  
       0.37   13.7   0.2        0.5   13.3   0.2    1.2  1  JGI20197J15136_10265982  


Domain annotation for each sequence (and alignments):
>> JGI20197J15136_10004876  
   #    score  bias  c-Evalue  i-Evalue hmmfrom  hmm to    alifrom  ali to    envfrom  env to     acc
 ---   ------ ----- --------- --------- ------- -------    ------- -------    ------- -------    ----
   1 ?   14.3   0.1   3.3e-06      0.23      34      70 ..      13      49 ..       5      68 .. 0.76

  Alignments for each domain:
  == domain 1  score: 14.3 bits;  conditional E-value: 3.3e-06
                             HSSTT-S-STTTTTHHHHHHHHHHHHHHHHHHHS-HH CS
               MeMO_Hyd_G 34 htspfrtsyeldldslwieakleeklavlkakefsda 70
                             + +   t+y++dl++l  ea++ee lav+ a e +da
  JGI20197J15136_10004876 13 YKTTKATKYAEDLEGLRNEARMEEALAVFIAAERADA 49
                             44556799********************977665554 PP

>> JGI20197J15136_10265982  
   #    score  bias  c-Evalue  i-Evalue hmmfrom  hmm to    alifrom  ali to    envfrom  env to     acc
 ---   ------ ----- --------- --------- ------- -------    ------- -------    ------- -------    ----
   1 ?   13.3   0.2   7.2e-06       0.5      35      71 ..      14      50 ..       6      76 .. 0.68

  Alignments for each domain:
  == domain 1  score: 13.3 bits;  conditional E-value: 7.2e-06
                             SSTT-S-STTTTTHHHHHHHHHHHHHHHHHHHS-HHH CS
               MeMO_Hyd_G 35 tspfrtsyeldldslwieakleeklavlkakefsdad 71
                              +   t+y++dl++l  ea++ee lav+ a e +da 
  JGI20197J15136_10265982 14 KTTKATKYAEDLEGLRNEARMEEALAVFIAAERADAV 50
                             4456799********************9776655443 PP



Internal pipeline statistics summary:
-------------------------------------
Query model(s):                              1  (161 nodes)
Target sequences:                       140918  (17251995 residues searched)
Passed MSV filter:                      2492  (0.017684); expected 2818.4 (0.02)
Passed bias filter:                     1948  (0.0138236); expected 2818.4 (0.02)
Passed Vit filter:                       106  (0.000752211); expected 140.9 (0.001)
Passed Fwd filter:                         2  (1.41927e-05); expected 1.4 (1e-05)
Initial search space (Z):             140918  [actual number of targets]
Domain search space  (domZ):               2  [number of targets reported over threshold]
# CPU time: 0.44u 0.01s 00:00:00.45 Elapsed: 00:00:00.18
# Mc/sec: 15430.95
//
[ok]
